<?xml version="1.0" encoding="UTF-8"?>
<beans xmlns:xsi="http://www.w3.org/2001/XMLSchema-instance"
       xmlns="http://www.springframework.org/schema/beans"
       xsi:schemaLocation="http://www.springframework.org/schema/beans
       http://www.springframework.org/schema/beans/spring-beans.xsd">

    <bean class="org.springframework.beans.factory.config.PropertyPlaceholderConfigurer">
        <property name="locations">
            <list>
                <!--                ProductDao SQL properties-->
                <value>classpath:ProductDaoSQL/addProductSQL.properties</value>
                <value>classpath:ProductDaoSQL/deleteProductSQL.properties</value>
                <value>classpath:ProductDaoSQL/findAllProductsSQL.properties</value>
                <value>classpath:ProductDaoSQL/findByProductCategoryIdSQL.properties</value>
                <value>classpath:ProductDaoSQL/findProductByIdSQL.properties</value>
                <value>classpath:ProductDaoSQL/updateProductSQL.properties</value>

                <!--                ProductStub SQL properties-->
                <value>classpath:ProductStubSQL/findAllStubsSQL.properties</value>
                <value>classpath:ProductStubSQL/findProductStubByIdSQL.properties</value>
                <value>classpath:ProductStubSQL/findProductStubsByCategoryId.properties</value>
                <value>classpath:ProductStubSQL/productStubsFromPriceIntervalInCategorySQL.properties</value>

                <!--                ProductCategoryDao SQL properties-->
                <value>classpath:ProductCategoryDaoSQL/addProductCategorySQL.properties</value>
                <value>classpath:ProductCategoryDaoSQL/findAllProductsCategorySQL.properties</value>
                <value>classpath:ProductCategoryDaoSQL/findProductCategoryByIdSQL.properties</value>
                <value>classpath:ProductCategoryDaoSQL/updateProductCategorySQL.properties</value>
                <value>classpath:ProductCategoryDaoSQL/deleteProductCategorySQL.properties</value>


            </list>
        </property>
    </bean>

    <bean id="namedParameterJdbcTemplate" class="org.springframework.jdbc.core.namedparam.NamedParameterJdbcTemplate">
        <constructor-arg name="dataSource" ref="dataSource"/>
    </bean>

    <bean id="productMapper" class="com.epam.brest.summer.courses2019.dao.mappers.ProductMapper"></bean>
    <bean id="productStubMapper" class="com.epam.brest.summer.courses2019.dao.mappers.ProductStubMapper"></bean>
    <bean id="productCategoryRowMapper" class="com.epam.brest.summer.courses2019.dao.mappers.ProductCategoryRowMapper"/>

    <bean id="productDao" class="com.epam.brest.summer.courses2019.dao.ProductDaoJdbcImpl">
        <constructor-arg name="namedParameterJdbcTemplate" ref="namedParameterJdbcTemplate"/>
        <constructor-arg name="productMapper" ref="productMapper"/>
    </bean>

    <bean id="productStubDao" class="com.epam.brest.summer.courses2019.dao.ProductStubDaoJdbcImpl">
        <constructor-arg name="namedParameterJdbcTemplate" ref="namedParameterJdbcTemplate"/>
        <constructor-arg name="productStubMapper" ref="productStubMapper"/>
    </bean>

    <bean id="productCategoryDao" class="com.epam.brest.summer.courses2019.dao.ProductCategoryDaoJdbcImpl">
        <constructor-arg name="namedParameterJdbcTemplate" ref="namedParameterJdbcTemplate"/>
        <constructor-arg name="productCategoryRowMapper" ref="productCategoryRowMapper"/>
    </bean>

</beans>